[debug] [2021-04-11T13:38:34.573Z] ----------------------------------------------------------------------
[debug] [2021-04-11T13:38:34.575Z] Command:       C:\Program Files\nodejs\node.exe C:\Users\SERVOMUM001\AppData\Roaming\npm\node_modules\firebase-tools\lib\bin\firebase.js init
[debug] [2021-04-11T13:38:34.576Z] CLI Version:   9.9.0
[debug] [2021-04-11T13:38:34.576Z] Platform:      win32
[debug] [2021-04-11T13:38:34.576Z] Node Version:  v15.14.0
[debug] [2021-04-11T13:38:34.580Z] Time:          Sun Apr 11 2021 19:08:34 GMT+0530 (India Standard Time)
[debug] [2021-04-11T13:38:34.580Z] ----------------------------------------------------------------------
[debug] 
[debug] [2021-04-11T13:38:34.601Z] > command requires scopes: ["email","openid","https://www.googleapis.com/auth/cloudplatformprojects.readonly","https://www.googleapis.com/auth/firebase","https://www.googleapis.com/auth/cloud-platform"]
[debug] [2021-04-11T13:38:34.602Z] > authorizing via signed-in user (satishrajnale98@gmail.com)
[info] 
     ######## #### ########  ######## ########     ###     ######  ########
     ##        ##  ##     ## ##       ##     ##  ##   ##  ##       ##
     ######    ##  ########  ######   ########  #########  ######  ######
     ##        ##  ##    ##  ##       ##     ## ##     ##       ## ##
     ##       #### ##     ## ######## ########  ##     ##  ######  ########

You're about to initialize a Firebase project in this directory:

  C:\Learn\netflix\netflix

Before we get started, keep in mind:

  * You are currently outside your home directory

